<?xml version="1.0" encoding="UTF-8"?>
<!-- Generated by org.testng.reporters.JUnitReportReporter -->
<testsuite hostname="Miles-MacBook-Pro.local" failures="0" tests="7" name="testing.appium.eBinders.Settings_Page" time="77.084" errors="0" timestamp="2022-12-01T15:16:38 CET" skipped="0">
  <testcase classname="testing.appium.eBinders.Settings_Page" name="mobile_Settings_Page_Account" time="4.927"/>
  <system-out>
    <![CDATA[2022-12-01 15:15:26.519  Waiting--> for "mobile.automation@florencehc.com" element to be Clickable
2022-12-01 15:15:28.447  Assert-->  Verification successful: mobile.automation@florencehc.com is Present
--- Test Case - mobile_Settings_Page_Account -- Finish --> {color:#36b37e}*PASSED*{color} ---\n
\n --- *Test Environment* ---  \nTest Execution video: [https://app.eu-central-1.saucelabs.com/tests/4fd9256aee9348fb8c1bde99637ff4ee?auth=f5a6ee816ceed96af21ef77e162e9b2c|https://app.eu-central-1.saucelabs.com/tests/4fd9256aee9348fb8c1bde99637ff4ee?auth=f5a6ee816ceed96af21ef77e162e9b2c]\nExecution name: eBinders-Florence UAT - 2022.13.1-1 - iOS --> Test Set - Settings Page\nDevice name: iPhone XR\nPlatform: iOS\nOS version: 15.6.1\nApp Name: Florence - eBinders\nEnvironment: UAT\nApp Version: 2022.13.1
[32m------------ >>>[ Test PASSED: mobile_Settings_Page_Account ]<<< ------------[0m]]>
  </system-out>
  <testcase classname="testing.appium.eBinders.Settings_Page" name="mobile_Settings_Page_Privacy_Policy" time="36.727"/>
  <system-out>
    <![CDATA[2022-12-01 15:15:34.127  Waiting--> for "Privacy Policy Button" to be Visible
2022-12-01 15:15:38.095  Action-->  Click on Privacy Policy Button
2022-12-01 15:15:38.096  Waiting--> for "Privacy Page Title" to be Visible
2022-12-01 15:16:10.849  Assert-->  Verification successful - "Privacy" is Present
--- Test Case - mobile_Settings_Page_Privacy_Policy -- Finish --> {color:#36b37e}*PASSED*{color} ---\n
\n --- *Test Environment* ---  \nTest Execution video: [https://app.eu-central-1.saucelabs.com/tests/4fd9256aee9348fb8c1bde99637ff4ee?auth=f5a6ee816ceed96af21ef77e162e9b2c|https://app.eu-central-1.saucelabs.com/tests/4fd9256aee9348fb8c1bde99637ff4ee?auth=f5a6ee816ceed96af21ef77e162e9b2c]\nExecution name: eBinders-Florence UAT - 2022.13.1-1 - iOS --> Test Set - Settings Page\nDevice name: iPhone XR\nPlatform: iOS\nOS version: 15.6.1\nApp Name: Florence - eBinders\nEnvironment: UAT\nApp Version: 2022.13.1
[32m------------ >>>[ Test PASSED: mobile_Settings_Page_Privacy_Policy ]<<< ------------[0m]]>
  </system-out>
  <testcase classname="testing.appium.eBinders.Settings_Page" name="mobile_Settings_Page_Software_Licenses" time="20.482"/>
  <system-out>
    <![CDATA[2022-12-01 15:16:21.756  Waiting--> for "Software Licenses Button" to be Visible
2022-12-01 15:16:24.001  Action-->  Click on Software Licenses Button
2022-12-01 15:16:24.002  Waiting--> for "Software Licenses Page Title" to be Visible
2022-12-01 15:16:31.398  Assert-->  Verification successful - "Software Licenses" is Present
--- Test Case - mobile_Settings_Page_Software_Licenses -- Finish --> {color:#36b37e}*PASSED*{color} ---\n
\n --- *Test Environment* ---  \nTest Execution video: [https://app.eu-central-1.saucelabs.com/tests/4fd9256aee9348fb8c1bde99637ff4ee?auth=f5a6ee816ceed96af21ef77e162e9b2c|https://app.eu-central-1.saucelabs.com/tests/4fd9256aee9348fb8c1bde99637ff4ee?auth=f5a6ee816ceed96af21ef77e162e9b2c]\nExecution name: eBinders-Florence UAT - 2022.13.1-1 - iOS --> Test Set - Settings Page\nDevice name: iPhone XR\nPlatform: iOS\nOS version: 15.6.1\nApp Name: Florence - eBinders\nEnvironment: UAT\nApp Version: 2022.13.1
[32m------------ >>>[ Test PASSED: mobile_Settings_Page_Software_Licenses ]<<< ------------[0m]]>
  </system-out>
  <testcase classname="testing.appium.eBinders.Settings_Page" name="mobile_Settings_Page_UAT_Symbol" time="5.500"/>
  <system-out>
    <![CDATA[2022-12-01 15:15:21.579  Waiting--> for "UAT" to be Visible
2022-12-01 15:15:21.839  Assert-->  "UAT" is Present
2022-12-01 15:15:22.453  Waiting--> for "UAT" to be Visible
2022-12-01 15:15:22.764  Assert-->  "UAT" is Present
2022-12-01 15:15:23.087  Action-->  Click on "UAT" Element
2022-12-01 15:15:23.088  Waiting--> for "Welcome Message" to be Visible
2022-12-01 15:15:26.438  Assert-->  Verification successful - "Settings" is Present
--- Test Case - mobile_Settings_Page_UAT_Symbol -- Finish --> {color:#36b37e}*PASSED*{color} ---\n
\n --- *Test Environment* ---  \nTest Execution video: [https://app.eu-central-1.saucelabs.com/tests/4fd9256aee9348fb8c1bde99637ff4ee?auth=f5a6ee816ceed96af21ef77e162e9b2c|https://app.eu-central-1.saucelabs.com/tests/4fd9256aee9348fb8c1bde99637ff4ee?auth=f5a6ee816ceed96af21ef77e162e9b2c]\nExecution name: eBinders-Florence UAT - 2022.13.1-1 - iOS --> Test Set - Settings Page\nDevice name: iPhone XR\nPlatform: iOS\nOS version: 15.6.1\nApp Name: Florence - eBinders\nEnvironment: UAT\nApp Version: 2022.13.1
[32m------------ >>>[ Test PASSED: mobile_Settings_Page_UAT_Symbol ]<<< ------------[0m]]>
  </system-out>
  <testcase classname="testing.appium.eBinders.Settings_Page" name="mobile_Settings_Page_Contact_Support" time="2.079"/>
  <system-out>
    <![CDATA[2022-12-01 15:15:31.979  Waiting--> for "Contact Support Button" to be Visible
2022-12-01 15:15:34.054  Action-->  Click on Contact Support Button
--- Test Case - mobile_Settings_Page_Contact_Support -- Finish --> {color:#36b37e}*PASSED*{color} ---\n
\n --- *Test Environment* ---  \nTest Execution video: [https://app.eu-central-1.saucelabs.com/tests/4fd9256aee9348fb8c1bde99637ff4ee?auth=f5a6ee816ceed96af21ef77e162e9b2c|https://app.eu-central-1.saucelabs.com/tests/4fd9256aee9348fb8c1bde99637ff4ee?auth=f5a6ee816ceed96af21ef77e162e9b2c]\nExecution name: eBinders-Florence UAT - 2022.13.1-1 - iOS --> Test Set - Settings Page\nDevice name: iPhone XR\nPlatform: iOS\nOS version: 15.6.1\nApp Name: Florence - eBinders\nEnvironment: UAT\nApp Version: 2022.13.1
[32m------------ >>>[ Test PASSED: mobile_Settings_Page_Contact_Support ]<<< ------------[0m]]>
  </system-out>
  <testcase classname="testing.appium.eBinders.Settings_Page" name="mobile_Settings_Page_App_Version" time="3.398"/>
  <system-out>
    <![CDATA[2022-12-01 15:15:28.522  Waiting--> for "Welcome Message" to be Visible
2022-12-01 15:15:31.913  Assert-->  Verification successful - "2022.13.1" is Present
--- Test Case - mobile_Settings_Page_App_Version -- Finish --> {color:#36b37e}*PASSED*{color} ---\n
\n --- *Test Environment* ---  \nTest Execution video: [https://app.eu-central-1.saucelabs.com/tests/4fd9256aee9348fb8c1bde99637ff4ee?auth=f5a6ee816ceed96af21ef77e162e9b2c|https://app.eu-central-1.saucelabs.com/tests/4fd9256aee9348fb8c1bde99637ff4ee?auth=f5a6ee816ceed96af21ef77e162e9b2c]\nExecution name: eBinders-Florence UAT - 2022.13.1-1 - iOS --> Test Set - Settings Page\nDevice name: iPhone XR\nPlatform: iOS\nOS version: 15.6.1\nApp Name: Florence - eBinders\nEnvironment: UAT\nApp Version: 2022.13.1
[32m------------ >>>[ Test PASSED: mobile_Settings_Page_App_Version ]<<< ------------[0m]]>
  </system-out>
  <testcase classname="testing.appium.eBinders.Settings_Page" name="mobile_Settings_Page_Sign_Out" time="3.971"/>
  <system-out>
    <![CDATA[2022-12-01 15:16:34.471  Waiting--> for "Sign Out Button" to be Visible
2022-12-01 15:16:36.517  Action-->  Click on Sign Out Button
2022-12-01 15:16:36.518  Waiting--> for "UAT" element to be Clickable
2022-12-01 15:16:38.435  Assert-->  Verification successful: UAT Environment is selected
--- Test Case - mobile_Settings_Page_Sign_Out -- Finish --> {color:#36b37e}*PASSED*{color} ---\n
\n --- *Test Environment* ---  \nTest Execution video: [https://app.eu-central-1.saucelabs.com/tests/4fd9256aee9348fb8c1bde99637ff4ee?auth=f5a6ee816ceed96af21ef77e162e9b2c|https://app.eu-central-1.saucelabs.com/tests/4fd9256aee9348fb8c1bde99637ff4ee?auth=f5a6ee816ceed96af21ef77e162e9b2c]\nExecution name: eBinders-Florence UAT - 2022.13.1-1 - iOS --> Test Set - Settings Page\nDevice name: iPhone XR\nPlatform: iOS\nOS version: 15.6.1\nApp Name: Florence - eBinders\nEnvironment: UAT\nApp Version: 2022.13.1
[32m------------ >>>[ Test PASSED: mobile_Settings_Page_Sign_Out ]<<< ------------[0m]]>
  </system-out>
</testsuite> <!-- testing.appium.eBinders.Settings_Page -->
