<?xml version="1.0" encoding="UTF-8"?>
<testsuite name="testing.appium.eBinders.Settings_Page" tests="7" skipped="0" failures="0" errors="0" timestamp="2022-12-01T14:15:20" hostname="Miles-MacBook-Pro.local" time="77.496">
  <properties/>
  <testcase name="mobile_Settings_Page_UAT_Symbol" classname="testing.appium.eBinders.Settings_Page" time="5.499"/>
  <testcase name="mobile_Settings_Page_Account" classname="testing.appium.eBinders.Settings_Page" time="1.93"/>
  <testcase name="mobile_Settings_Page_App_Version" classname="testing.appium.eBinders.Settings_Page" time="3.395"/>
  <testcase name="mobile_Settings_Page_Contact_Support" classname="testing.appium.eBinders.Settings_Page" time="2.077"/>
  <testcase name="mobile_Settings_Page_Privacy_Policy" classname="testing.appium.eBinders.Settings_Page" time="36.725"/>
  <testcase name="mobile_Settings_Page_Software_Licenses" classname="testing.appium.eBinders.Settings_Page" time="9.655"/>
  <testcase name="mobile_Settings_Page_Sign_Out" classname="testing.appium.eBinders.Settings_Page" time="3.967"/>
  <system-out><![CDATA[2022-12-01 15:14:54.588  Waiting--> For the Application to Load
2022-12-01 15:14:55.223  Information-->  Application is Running
2022-12-01 15:14:55.225  Waiting--> for "Sign In Button" to be Visible
2022-12-01 15:14:57.090  Action-->  Click on Sign In Button
2022-12-01 15:14:57.092  Waiting--> for "Florence Logo" to be Visible
2022-12-01 15:14:58.258  Action-->  Click on Florence Logo
2022-12-01 15:14:58.259  Waiting--> for "Welcome Message" to be Visible
2022-12-01 15:14:59.274  Assert-->  Verification successful - "Choose An Environment" is Present
2022-12-01 15:14:59.277  Waiting--> for "UAT" element to be Clickable
2022-12-01 15:15:00.144  Action-->  Click on "UAT" element
2022-12-01 15:15:00.144  Waiting--> for "UAT" element to be Clickable
2022-12-01 15:15:01.076  Assert-->  Verification successful: UAT Environment is selected
2022-12-01 15:15:01.077  Waiting--> for "Email Field" to be Visible
2022-12-01 15:15:02.243  Action-->  Click on Email Field
2022-12-01 15:15:03.496  Action-->  Input Email Field: mobile.automation@florencehc.com

2022-12-01 15:15:03.497  Waiting--> for "Next Button" to be Visible
2022-12-01 15:15:04.922  Action-->  Click on Next Button
2022-12-01 15:15:04.923  Waiting--> for "Password Field" to be Visible
2022-12-01 15:15:07.538  Action-->  Click on Password Field
2022-12-01 15:15:08.492  Action-->  Input Password Field: Password123*

2022-12-01 15:15:08.493  Waiting--> for "Sign In Button" to be Visible
2022-12-01 15:15:09.881  Action-->  Click on Sign In Button
2022-12-01 15:15:09.883  Waiting--> for "Hi, Mobile" element to be Clickable
2022-12-01 15:15:12.635  Assert-->  Verification successful - element: "Home Page Welcome Message - Hi, Mobile" is Present
2022-12-01 15:15:12.636  Waiting--> for "Binders Button" to be Visible
2022-12-01 15:15:14.011  Action-->  Click on Binders Button
2022-12-01 15:15:14.011  Waiting--> for "Person Circle Button" to be Visible
2022-12-01 15:15:16.124  Action-->  Click on Person Circle Button
2022-12-01 15:15:16.125  Waiting--> for "Settings Button" to be Visible
2022-12-01 15:15:17.582  Action-->  Click on Settings Button
2022-12-01 15:15:17.583  Waiting--> for "Welcome Message" to be Visible
2022-12-01 15:15:20.923  Assert-->  Verification successful - "Settings" is Present
2022-12-01 15:15:21.579  Waiting--> for "UAT" to be Visible
2022-12-01 15:15:21.839  Assert-->  "UAT" is Present
2022-12-01 15:15:22.453  Waiting--> for "UAT" to be Visible
2022-12-01 15:15:22.764  Assert-->  "UAT" is Present
2022-12-01 15:15:23.087  Action-->  Click on "UAT" Element
2022-12-01 15:15:23.088  Waiting--> for "Welcome Message" to be Visible
2022-12-01 15:15:26.438  Assert-->  Verification successful - "Settings" is Present
--- Test Case - mobile_Settings_Page_UAT_Symbol -- Finish --> {color:#36b37e}*PASSED*{color} ---\n
\n --- *Test Environment* ---  \nTest Execution video: [https://app.eu-central-1.saucelabs.com/tests/4fd9256aee9348fb8c1bde99637ff4ee?auth=f5a6ee816ceed96af21ef77e162e9b2c|https://app.eu-central-1.saucelabs.com/tests/4fd9256aee9348fb8c1bde99637ff4ee?auth=f5a6ee816ceed96af21ef77e162e9b2c]\nExecution name: eBinders-Florence UAT - 2022.13.1-1 - iOS --> Test Set - Settings Page\nDevice name: iPhone XR\nPlatform: iOS\nOS version: 15.6.1\nApp Name: Florence - eBinders\nEnvironment: UAT\nApp Version: 2022.13.1
?[32m------------ >>>[ Test PASSED: mobile_Settings_Page_UAT_Symbol ]<<< ------------?[0m
2022-12-01 15:15:26.515  Information-->  There si no postcondition procedure for TC: mobile_Settings_Page_UAT_Symbol
2022-12-01 15:15:26.519  Waiting--> for "mobile.automation@florencehc.com" element to be Clickable
2022-12-01 15:15:28.447  Assert-->  Verification successful: mobile.automation@florencehc.com is Present
--- Test Case - mobile_Settings_Page_Account -- Finish --> {color:#36b37e}*PASSED*{color} ---\n
\n --- *Test Environment* ---  \nTest Execution video: [https://app.eu-central-1.saucelabs.com/tests/4fd9256aee9348fb8c1bde99637ff4ee?auth=f5a6ee816ceed96af21ef77e162e9b2c|https://app.eu-central-1.saucelabs.com/tests/4fd9256aee9348fb8c1bde99637ff4ee?auth=f5a6ee816ceed96af21ef77e162e9b2c]\nExecution name: eBinders-Florence UAT - 2022.13.1-1 - iOS --> Test Set - Settings Page\nDevice name: iPhone XR\nPlatform: iOS\nOS version: 15.6.1\nApp Name: Florence - eBinders\nEnvironment: UAT\nApp Version: 2022.13.1
?[32m------------ >>>[ Test PASSED: mobile_Settings_Page_Account ]<<< ------------?[0m
2022-12-01 15:15:28.516  Information-->  There si no postcondition procedure for TC: mobile_Settings_Page_Account
2022-12-01 15:15:28.522  Waiting--> for "Welcome Message" to be Visible
2022-12-01 15:15:31.913  Assert-->  Verification successful - "2022.13.1" is Present
--- Test Case - mobile_Settings_Page_App_Version -- Finish --> {color:#36b37e}*PASSED*{color} ---\n
\n --- *Test Environment* ---  \nTest Execution video: [https://app.eu-central-1.saucelabs.com/tests/4fd9256aee9348fb8c1bde99637ff4ee?auth=f5a6ee816ceed96af21ef77e162e9b2c|https://app.eu-central-1.saucelabs.com/tests/4fd9256aee9348fb8c1bde99637ff4ee?auth=f5a6ee816ceed96af21ef77e162e9b2c]\nExecution name: eBinders-Florence UAT - 2022.13.1-1 - iOS --> Test Set - Settings Page\nDevice name: iPhone XR\nPlatform: iOS\nOS version: 15.6.1\nApp Name: Florence - eBinders\nEnvironment: UAT\nApp Version: 2022.13.1
?[32m------------ >>>[ Test PASSED: mobile_Settings_Page_App_Version ]<<< ------------?[0m
2022-12-01 15:15:31.977  Information-->  There si no postcondition procedure for TC: mobile_Settings_Page_App_Version
2022-12-01 15:15:31.979  Waiting--> for "Contact Support Button" to be Visible
2022-12-01 15:15:34.054  Action-->  Click on Contact Support Button
--- Test Case - mobile_Settings_Page_Contact_Support -- Finish --> {color:#36b37e}*PASSED*{color} ---\n
\n --- *Test Environment* ---  \nTest Execution video: [https://app.eu-central-1.saucelabs.com/tests/4fd9256aee9348fb8c1bde99637ff4ee?auth=f5a6ee816ceed96af21ef77e162e9b2c|https://app.eu-central-1.saucelabs.com/tests/4fd9256aee9348fb8c1bde99637ff4ee?auth=f5a6ee816ceed96af21ef77e162e9b2c]\nExecution name: eBinders-Florence UAT - 2022.13.1-1 - iOS --> Test Set - Settings Page\nDevice name: iPhone XR\nPlatform: iOS\nOS version: 15.6.1\nApp Name: Florence - eBinders\nEnvironment: UAT\nApp Version: 2022.13.1
?[32m------------ >>>[ Test PASSED: mobile_Settings_Page_Contact_Support ]<<< ------------?[0m
2022-12-01 15:15:34.123  Information-->  There si no postcondition procedure for TC: mobile_Settings_Page_Contact_Support
2022-12-01 15:15:34.127  Waiting--> for "Privacy Policy Button" to be Visible
2022-12-01 15:15:38.095  Action-->  Click on Privacy Policy Button
2022-12-01 15:15:38.096  Waiting--> for "Privacy Page Title" to be Visible
2022-12-01 15:16:10.849  Assert-->  Verification successful - "Privacy" is Present
--- Test Case - mobile_Settings_Page_Privacy_Policy -- Finish --> {color:#36b37e}*PASSED*{color} ---\n
\n --- *Test Environment* ---  \nTest Execution video: [https://app.eu-central-1.saucelabs.com/tests/4fd9256aee9348fb8c1bde99637ff4ee?auth=f5a6ee816ceed96af21ef77e162e9b2c|https://app.eu-central-1.saucelabs.com/tests/4fd9256aee9348fb8c1bde99637ff4ee?auth=f5a6ee816ceed96af21ef77e162e9b2c]\nExecution name: eBinders-Florence UAT - 2022.13.1-1 - iOS --> Test Set - Settings Page\nDevice name: iPhone XR\nPlatform: iOS\nOS version: 15.6.1\nApp Name: Florence - eBinders\nEnvironment: UAT\nApp Version: 2022.13.1
?[32m------------ >>>[ Test PASSED: mobile_Settings_Page_Privacy_Policy ]<<< ------------?[0m
2022-12-01 15:16:10.916  Information-->  Postcondition procedure for TC: mobile_Settings_Page_Privacy_Policy
2022-12-01 15:16:12.147  Information-->  Terminate iOS App: com.florencehc.florenceapp.internal
2022-12-01 15:16:13.538  Information-->  Activate iOS App: com.florencehc.florenceapp.internal
2022-12-01 15:16:13.539  Waiting--> for "Binders Button" to be Visible
2022-12-01 15:16:14.933  Action-->  Click on Binders Button
2022-12-01 15:16:14.934  Waiting--> for "Person Circle Button" to be Visible
2022-12-01 15:16:16.968  Action-->  Click on Person Circle Button
2022-12-01 15:16:16.970  Waiting--> for "Settings Button" to be Visible
2022-12-01 15:16:18.398  Action-->  Click on Settings Button
2022-12-01 15:16:18.398  Waiting--> for "Welcome Message" to be Visible
2022-12-01 15:16:21.742  Assert-->  Verification successful - "Settings" is Present
2022-12-01 15:16:21.756  Waiting--> for "Software Licenses Button" to be Visible
2022-12-01 15:16:24.001  Action-->  Click on Software Licenses Button
2022-12-01 15:16:24.002  Waiting--> for "Software Licenses Page Title" to be Visible
2022-12-01 15:16:31.398  Assert-->  Verification successful - "Software Licenses" is Present
--- Test Case - mobile_Settings_Page_Software_Licenses -- Finish --> {color:#36b37e}*PASSED*{color} ---\n
\n --- *Test Environment* ---  \nTest Execution video: [https://app.eu-central-1.saucelabs.com/tests/4fd9256aee9348fb8c1bde99637ff4ee?auth=f5a6ee816ceed96af21ef77e162e9b2c|https://app.eu-central-1.saucelabs.com/tests/4fd9256aee9348fb8c1bde99637ff4ee?auth=f5a6ee816ceed96af21ef77e162e9b2c]\nExecution name: eBinders-Florence UAT - 2022.13.1-1 - iOS --> Test Set - Settings Page\nDevice name: iPhone XR\nPlatform: iOS\nOS version: 15.6.1\nApp Name: Florence - eBinders\nEnvironment: UAT\nApp Version: 2022.13.1
?[32m------------ >>>[ Test PASSED: mobile_Settings_Page_Software_Licenses ]<<< ------------?[0m
2022-12-01 15:16:31.469  Information-->  Postcondition procedure for TC: mobile_Settings_Page_Software_Licenses
2022-12-01 15:16:31.470  Waiting--> for "Close Button" to be Visible
2022-12-01 15:16:34.463  Action-->  Click on Close Button
2022-12-01 15:16:34.471  Waiting--> for "Sign Out Button" to be Visible
2022-12-01 15:16:36.517  Action-->  Click on Sign Out Button
2022-12-01 15:16:36.518  Waiting--> for "UAT" element to be Clickable
2022-12-01 15:16:38.435  Assert-->  Verification successful: UAT Environment is selected
--- Test Case - mobile_Settings_Page_Sign_Out -- Finish --> {color:#36b37e}*PASSED*{color} ---\n
\n --- *Test Environment* ---  \nTest Execution video: [https://app.eu-central-1.saucelabs.com/tests/4fd9256aee9348fb8c1bde99637ff4ee?auth=f5a6ee816ceed96af21ef77e162e9b2c|https://app.eu-central-1.saucelabs.com/tests/4fd9256aee9348fb8c1bde99637ff4ee?auth=f5a6ee816ceed96af21ef77e162e9b2c]\nExecution name: eBinders-Florence UAT - 2022.13.1-1 - iOS --> Test Set - Settings Page\nDevice name: iPhone XR\nPlatform: iOS\nOS version: 15.6.1\nApp Name: Florence - eBinders\nEnvironment: UAT\nApp Version: 2022.13.1
?[32m------------ >>>[ Test PASSED: mobile_Settings_Page_Sign_Out ]<<< ------------?[0m
2022-12-01 15:16:38.505  Information-->  There si no postcondition procedure for TC: mobile_Settings_Page_Sign_Out
]]></system-out>
  <system-err><![CDATA[]]></system-err>
</testsuite>
